0 info it worked if it ends with ok
1 verbose cli [ '/usr/local/bin/node', '/usr/local/bin/npm', 'link' ]
2 info using npm@3.10.3
3 info using node@v6.5.0
4 verbose linkPkg /Users/andrei/Code/libraries/generator-react-webpack-infinum/generators/app/templates
5 verbose stack Error: Failed to parse json
5 verbose stack Unexpected token '<' at 11:5
5 verbose stack     <% if (opt.server) { %>"start": "NODE_ENV=development node ./config/webpack
5 verbose stack     ^
5 verbose stack     at parseError (/usr/local/lib/node_modules/npm/node_modules/read-package-json/read-json.js:390:11)
5 verbose stack     at parseJson (/usr/local/lib/node_modules/npm/node_modules/read-package-json/read-json.js:79:23)
5 verbose stack     at /usr/local/lib/node_modules/npm/node_modules/read-package-json/read-json.js:48:5
5 verbose stack     at /usr/local/lib/node_modules/npm/node_modules/graceful-fs/graceful-fs.js:78:16
5 verbose stack     at tryToString (fs.js:455:3)
5 verbose stack     at FSReqWrap.readFileAfterClose [as oncomplete] (fs.js:442:12)
6 verbose cwd /Users/andrei/Code/libraries/generator-react-webpack-infinum/generators/app/templates
7 error Darwin 15.6.0
8 error argv "/usr/local/bin/node" "/usr/local/bin/npm" "link"
9 error node v6.5.0
10 error npm  v3.10.3
11 error file /Users/andrei/Code/libraries/generator-react-webpack-infinum/generators/app/templates/package.json
12 error code EJSONPARSE
13 error Failed to parse json
13 error Unexpected token '<' at 11:5
13 error     <% if (opt.server) { %>"start": "NODE_ENV=development node ./config/webpack
13 error     ^
14 error File: /Users/andrei/Code/libraries/generator-react-webpack-infinum/generators/app/templates/package.json
15 error Failed to parse package.json data.
15 error package.json must be actual JSON, not just JavaScript.
15 error
15 error This is not a bug in npm.
15 error Tell the package author to fix their package.json file. JSON.parse
16 verbose exit [ 1, true ]
