0 info it worked if it ends with ok
1 verbose cli [ '/usr/local/bin/node', '/usr/local/bin/npm', 'publish' ]
2 info using npm@3.10.3
3 info using node@v6.7.0
4 verbose publish [ '.' ]
5 silly cache add args [ '.', null ]
6 verbose cache add spec .
7 silly cache add parsed spec Result {
7 silly cache add   raw: '.',
7 silly cache add   scope: null,
7 silly cache add   escapedName: null,
7 silly cache add   name: null,
7 silly cache add   rawSpec: '.',
7 silly cache add   spec: '/Users/andrei/Code/generator-webpack-infinum',
7 silly cache add   type: 'directory' }
8 verbose addLocalDirectory /Users/andrei/.npm/generator-webpack-infinum/0.1.3/package.tgz not in flight; packing
9 verbose correctMkdir /Users/andrei/.npm correctMkdir not in flight; initializing
10 info lifecycle generator-webpack-infinum@0.1.3~prepublish: generator-webpack-infinum@0.1.3
11 verbose lifecycle generator-webpack-infinum@0.1.3~prepublish: unsafe-perm in lifecycle true
12 verbose lifecycle generator-webpack-infinum@0.1.3~prepublish: PATH: /usr/local/lib/node_modules/npm/bin/node-gyp-bin:/Users/andrei/Code/generator-webpack-infinum/node_modules/.bin:/usr/local/bin:/Users/andrei/dotfiles/bin:/Users/andrei/.rbenv/shims:/Users/andrei/.yarn/bin:/usr/local/bin:/usr/bin:/bin:/usr/sbin:/sbin:/opt/X11/bin:/usr/local/MacGPG2/bin:/Users/andrei/dotfiles/bin:/Users/andrei/.rbenv/shims:/Users/andrei/.yarn/bin:/Users/andrei/.rvm/bin:/Users/andrei/.rvm/bin
13 verbose lifecycle generator-webpack-infinum@0.1.3~prepublish: CWD: /Users/andrei/Code/generator-webpack-infinum
14 silly lifecycle generator-webpack-infinum@0.1.3~prepublish: Args: [ '-c', 'gulp prepublish' ]
15 info lifecycle generator-webpack-infinum@0.1.3~prepublish: Failed to exec prepublish script
16 error addLocal Could not install /Users/andrei/Code/generator-webpack-infinum
17 verbose stack Error: generator-webpack-infinum@0.1.3 prepublish: `gulp prepublish`
17 verbose stack spawn ENOENT
17 verbose stack     at ChildProcess.<anonymous> (/usr/local/lib/node_modules/npm/lib/utils/spawn.js:33:16)
17 verbose stack     at emitTwo (events.js:106:13)
17 verbose stack     at ChildProcess.emit (events.js:191:7)
17 verbose stack     at maybeClose (internal/child_process.js:877:16)
17 verbose stack     at Process.ChildProcess._handle.onexit (internal/child_process.js:226:5)
18 verbose pkgid generator-webpack-infinum@0.1.3
19 verbose cwd /Users/andrei/Code/generator-webpack-infinum
20 error Darwin 16.0.0
21 error argv "/usr/local/bin/node" "/usr/local/bin/npm" "publish"
22 error node v6.7.0
23 error npm  v3.10.3
24 error file sh
25 error code ELIFECYCLE
26 error errno ENOENT
27 error syscall spawn
28 error generator-webpack-infinum@0.1.3 prepublish: `gulp prepublish`
28 error spawn ENOENT
29 error Failed at the generator-webpack-infinum@0.1.3 prepublish script 'gulp prepublish'.
29 error Make sure you have the latest version of node.js and npm installed.
29 error If you do, this is most likely a problem with the generator-webpack-infinum package,
29 error not with npm itself.
29 error Tell the author that this fails on your system:
29 error     gulp prepublish
29 error You can get information on how to open an issue for this project with:
29 error     npm bugs generator-webpack-infinum
29 error Or if that isn't available, you can get their info via:
29 error     npm owner ls generator-webpack-infinum
29 error There is likely additional logging output above.
30 verbose exit [ 1, true ]
